<?xml version="1.0" encoding="UTF-8"?>
<testsuites name="jest tests" tests="6" failures="0" errors="0" time="3.15">
  <testsuite name="StateManager" errors="0" failures="0" skipped="0" timestamp="2022-03-21T20:12:33" time="3.038" tests="6">
    <testcase classname="StateManager locking success" name="StateManager locking success" time="0.131">
    </testcase>
    <testcase classname="StateManager locking failure" name="StateManager locking failure" time="0.081">
    </testcase>
    <testcase classname="StateManager unlock success" name="StateManager unlock success" time="0.107">
    </testcase>
    <testcase classname="StateManager adding records success" name="StateManager adding records success" time="0.086">
    </testcase>
    <testcase classname="StateManager adding records failure" name="StateManager adding records failure" time="0.08">
    </testcase>
    <testcase classname="StateManager deleting records success" name="StateManager deleting records success" time="0.106">
    </testcase>
  </testsuite>
</testsuites>