<?xml version="1.0" encoding="UTF-8"?>
<testsuites name="jest tests" tests="6" failures="0" errors="0" time="1.108">
  <testsuite name="StateManager" errors="0" failures="0" skipped="0" timestamp="2024-01-11T07:10:22" time="1.08" tests="6">
    <testcase classname="StateManager locking success" name="StateManager locking success" time="0.077">
    </testcase>
    <testcase classname="StateManager locking failure" name="StateManager locking failure" time="0.023">
    </testcase>
    <testcase classname="StateManager unlock success" name="StateManager unlock success" time="0.022">
    </testcase>
    <testcase classname="StateManager adding records success" name="StateManager adding records success" time="0.017">
    </testcase>
    <testcase classname="StateManager adding records failure" name="StateManager adding records failure" time="0.015">
    </testcase>
    <testcase classname="StateManager deleting records success" name="StateManager deleting records success" time="0.027">
    </testcase>
  </testsuite>
</testsuites>