<?xml version="1.0" encoding="UTF-8"?>
<testsuites name="jest tests" tests="3" failures="0" errors="0" time="0.837">
  <testsuite name="loader" errors="0" failures="0" skipped="0" timestamp="2024-01-11T07:10:22" time="0.81" tests="3">
    <testcase classname="loader typescript" name="loader typescript" time="0.011">
    </testcase>
    <testcase classname="loader javascript" name="loader javascript" time="0.001">
    </testcase>
    <testcase classname="loader mixed" name="loader mixed" time="0">
    </testcase>
  </testsuite>
</testsuites>