<?xml version="1.0" encoding="UTF-8"?>
<testsuites name="jest tests" tests="8" failures="8" errors="0" time="6.601">
  <testsuite name="StateManager" errors="0" failures="8" skipped="0" timestamp="2022-03-21T20:12:33" time="6.481" tests="8">
    <testcase classname="StateManager locking success" name="StateManager locking success" time="0.002">
      <failure>CredentialsError: Missing credentials in config, if using AWS_CONFIG_FILE, set AWS_SDK_LOAD_CONFIG=1
    at SharedIniFileCredentials.load (/Users/wookieb/projects/pallad/migrator/packages/dynamodb-state/node_modules/aws-sdk/lib/credentials/shared_ini_file_credentials.js:103:11)
    at SharedIniFileCredentials.coalesceRefresh (/Users/wookieb/projects/pallad/migrator/packages/dynamodb-state/node_modules/aws-sdk/lib/credentials.js:205:12)
    at SharedIniFileCredentials.refresh (/Users/wookieb/projects/pallad/migrator/packages/dynamodb-state/node_modules/aws-sdk/lib/credentials/shared_ini_file_credentials.js:170:10)
    at SharedIniFileCredentials.get (/Users/wookieb/projects/pallad/migrator/packages/dynamodb-state/node_modules/aws-sdk/lib/credentials.js:122:12)
    at getAsyncCredentials (/Users/wookieb/projects/pallad/migrator/packages/dynamodb-state/node_modules/aws-sdk/lib/config.js:398:24)
    at Config.getCredentials (/Users/wookieb/projects/pallad/migrator/packages/dynamodb-state/node_modules/aws-sdk/lib/config.js:418:9)
    at Request.VALIDATE_CREDENTIALS (/Users/wookieb/projects/pallad/migrator/packages/dynamodb-state/node_modules/aws-sdk/lib/event_listeners.js:81:26)
    at Request.callListeners (/Users/wookieb/projects/pallad/migrator/packages/dynamodb-state/node_modules/aws-sdk/lib/sequential_executor.js:102:18)
    at Request.emit (/Users/wookieb/projects/pallad/migrator/packages/dynamodb-state/node_modules/aws-sdk/lib/sequential_executor.js:78:10)
    at Request.emit (/Users/wookieb/projects/pallad/migrator/packages/dynamodb-state/node_modules/aws-sdk/lib/request.js:688:14)</failure>
      <failure>CredentialsError: Missing credentials in config, if using AWS_CONFIG_FILE, set AWS_SDK_LOAD_CONFIG=1
    at SharedIniFileCredentials.load (/Users/wookieb/projects/pallad/migrator/packages/dynamodb-state/node_modules/aws-sdk/lib/credentials/shared_ini_file_credentials.js:103:11)
    at SharedIniFileCredentials.coalesceRefresh (/Users/wookieb/projects/pallad/migrator/packages/dynamodb-state/node_modules/aws-sdk/lib/credentials.js:205:12)
    at SharedIniFileCredentials.refresh (/Users/wookieb/projects/pallad/migrator/packages/dynamodb-state/node_modules/aws-sdk/lib/credentials/shared_ini_file_credentials.js:170:10)
    at SharedIniFileCredentials.get (/Users/wookieb/projects/pallad/migrator/packages/dynamodb-state/node_modules/aws-sdk/lib/credentials.js:122:12)
    at getAsyncCredentials (/Users/wookieb/projects/pallad/migrator/packages/dynamodb-state/node_modules/aws-sdk/lib/config.js:398:24)
    at Config.getCredentials (/Users/wookieb/projects/pallad/migrator/packages/dynamodb-state/node_modules/aws-sdk/lib/config.js:418:9)
    at Request.VALIDATE_CREDENTIALS (/Users/wookieb/projects/pallad/migrator/packages/dynamodb-state/node_modules/aws-sdk/lib/event_listeners.js:81:26)
    at Request.callListeners (/Users/wookieb/projects/pallad/migrator/packages/dynamodb-state/node_modules/aws-sdk/lib/sequential_executor.js:102:18)
    at Request.emit (/Users/wookieb/projects/pallad/migrator/packages/dynamodb-state/node_modules/aws-sdk/lib/sequential_executor.js:78:10)
    at Request.emit (/Users/wookieb/projects/pallad/migrator/packages/dynamodb-state/node_modules/aws-sdk/lib/request.js:688:14)</failure>
    </testcase>
    <testcase classname="StateManager locking failure" name="StateManager locking failure" time="0">
      <failure>CredentialsError: Missing credentials in config, if using AWS_CONFIG_FILE, set AWS_SDK_LOAD_CONFIG=1
    at SharedIniFileCredentials.load (/Users/wookieb/projects/pallad/migrator/packages/dynamodb-state/node_modules/aws-sdk/lib/credentials/shared_ini_file_credentials.js:103:11)
    at SharedIniFileCredentials.coalesceRefresh (/Users/wookieb/projects/pallad/migrator/packages/dynamodb-state/node_modules/aws-sdk/lib/credentials.js:205:12)
    at SharedIniFileCredentials.refresh (/Users/wookieb/projects/pallad/migrator/packages/dynamodb-state/node_modules/aws-sdk/lib/credentials/shared_ini_file_credentials.js:170:10)
    at SharedIniFileCredentials.get (/Users/wookieb/projects/pallad/migrator/packages/dynamodb-state/node_modules/aws-sdk/lib/credentials.js:122:12)
    at getAsyncCredentials (/Users/wookieb/projects/pallad/migrator/packages/dynamodb-state/node_modules/aws-sdk/lib/config.js:398:24)
    at Config.getCredentials (/Users/wookieb/projects/pallad/migrator/packages/dynamodb-state/node_modules/aws-sdk/lib/config.js:418:9)
    at Request.VALIDATE_CREDENTIALS (/Users/wookieb/projects/pallad/migrator/packages/dynamodb-state/node_modules/aws-sdk/lib/event_listeners.js:81:26)
    at Request.callListeners (/Users/wookieb/projects/pallad/migrator/packages/dynamodb-state/node_modules/aws-sdk/lib/sequential_executor.js:102:18)
    at Request.emit (/Users/wookieb/projects/pallad/migrator/packages/dynamodb-state/node_modules/aws-sdk/lib/sequential_executor.js:78:10)
    at Request.emit (/Users/wookieb/projects/pallad/migrator/packages/dynamodb-state/node_modules/aws-sdk/lib/request.js:688:14)</failure>
      <failure>CredentialsError: Missing credentials in config, if using AWS_CONFIG_FILE, set AWS_SDK_LOAD_CONFIG=1
    at SharedIniFileCredentials.load (/Users/wookieb/projects/pallad/migrator/packages/dynamodb-state/node_modules/aws-sdk/lib/credentials/shared_ini_file_credentials.js:103:11)
    at SharedIniFileCredentials.coalesceRefresh (/Users/wookieb/projects/pallad/migrator/packages/dynamodb-state/node_modules/aws-sdk/lib/credentials.js:205:12)
    at SharedIniFileCredentials.refresh (/Users/wookieb/projects/pallad/migrator/packages/dynamodb-state/node_modules/aws-sdk/lib/credentials/shared_ini_file_credentials.js:170:10)
    at SharedIniFileCredentials.get (/Users/wookieb/projects/pallad/migrator/packages/dynamodb-state/node_modules/aws-sdk/lib/credentials.js:122:12)
    at getAsyncCredentials (/Users/wookieb/projects/pallad/migrator/packages/dynamodb-state/node_modules/aws-sdk/lib/config.js:398:24)
    at Config.getCredentials (/Users/wookieb/projects/pallad/migrator/packages/dynamodb-state/node_modules/aws-sdk/lib/config.js:418:9)
    at Request.VALIDATE_CREDENTIALS (/Users/wookieb/projects/pallad/migrator/packages/dynamodb-state/node_modules/aws-sdk/lib/event_listeners.js:81:26)
    at Request.callListeners (/Users/wookieb/projects/pallad/migrator/packages/dynamodb-state/node_modules/aws-sdk/lib/sequential_executor.js:102:18)
    at Request.emit (/Users/wookieb/projects/pallad/migrator/packages/dynamodb-state/node_modules/aws-sdk/lib/sequential_executor.js:78:10)
    at Request.emit (/Users/wookieb/projects/pallad/migrator/packages/dynamodb-state/node_modules/aws-sdk/lib/request.js:688:14)</failure>
    </testcase>
    <testcase classname="StateManager locking race condition" name="StateManager locking race condition" time="0">
      <failure>CredentialsError: Missing credentials in config, if using AWS_CONFIG_FILE, set AWS_SDK_LOAD_CONFIG=1
    at SharedIniFileCredentials.load (/Users/wookieb/projects/pallad/migrator/packages/dynamodb-state/node_modules/aws-sdk/lib/credentials/shared_ini_file_credentials.js:103:11)
    at SharedIniFileCredentials.coalesceRefresh (/Users/wookieb/projects/pallad/migrator/packages/dynamodb-state/node_modules/aws-sdk/lib/credentials.js:205:12)
    at SharedIniFileCredentials.refresh (/Users/wookieb/projects/pallad/migrator/packages/dynamodb-state/node_modules/aws-sdk/lib/credentials/shared_ini_file_credentials.js:170:10)
    at SharedIniFileCredentials.get (/Users/wookieb/projects/pallad/migrator/packages/dynamodb-state/node_modules/aws-sdk/lib/credentials.js:122:12)
    at getAsyncCredentials (/Users/wookieb/projects/pallad/migrator/packages/dynamodb-state/node_modules/aws-sdk/lib/config.js:398:24)
    at Config.getCredentials (/Users/wookieb/projects/pallad/migrator/packages/dynamodb-state/node_modules/aws-sdk/lib/config.js:418:9)
    at Request.VALIDATE_CREDENTIALS (/Users/wookieb/projects/pallad/migrator/packages/dynamodb-state/node_modules/aws-sdk/lib/event_listeners.js:81:26)
    at Request.callListeners (/Users/wookieb/projects/pallad/migrator/packages/dynamodb-state/node_modules/aws-sdk/lib/sequential_executor.js:102:18)
    at Request.emit (/Users/wookieb/projects/pallad/migrator/packages/dynamodb-state/node_modules/aws-sdk/lib/sequential_executor.js:78:10)
    at Request.emit (/Users/wookieb/projects/pallad/migrator/packages/dynamodb-state/node_modules/aws-sdk/lib/request.js:688:14)</failure>
      <failure>CredentialsError: Missing credentials in config, if using AWS_CONFIG_FILE, set AWS_SDK_LOAD_CONFIG=1
    at SharedIniFileCredentials.load (/Users/wookieb/projects/pallad/migrator/packages/dynamodb-state/node_modules/aws-sdk/lib/credentials/shared_ini_file_credentials.js:103:11)
    at SharedIniFileCredentials.coalesceRefresh (/Users/wookieb/projects/pallad/migrator/packages/dynamodb-state/node_modules/aws-sdk/lib/credentials.js:205:12)
    at SharedIniFileCredentials.refresh (/Users/wookieb/projects/pallad/migrator/packages/dynamodb-state/node_modules/aws-sdk/lib/credentials/shared_ini_file_credentials.js:170:10)
    at SharedIniFileCredentials.get (/Users/wookieb/projects/pallad/migrator/packages/dynamodb-state/node_modules/aws-sdk/lib/credentials.js:122:12)
    at getAsyncCredentials (/Users/wookieb/projects/pallad/migrator/packages/dynamodb-state/node_modules/aws-sdk/lib/config.js:398:24)
    at Config.getCredentials (/Users/wookieb/projects/pallad/migrator/packages/dynamodb-state/node_modules/aws-sdk/lib/config.js:418:9)
    at Request.VALIDATE_CREDENTIALS (/Users/wookieb/projects/pallad/migrator/packages/dynamodb-state/node_modules/aws-sdk/lib/event_listeners.js:81:26)
    at Request.callListeners (/Users/wookieb/projects/pallad/migrator/packages/dynamodb-state/node_modules/aws-sdk/lib/sequential_executor.js:102:18)
    at Request.emit (/Users/wookieb/projects/pallad/migrator/packages/dynamodb-state/node_modules/aws-sdk/lib/sequential_executor.js:78:10)
    at Request.emit (/Users/wookieb/projects/pallad/migrator/packages/dynamodb-state/node_modules/aws-sdk/lib/request.js:688:14)</failure>
    </testcase>
    <testcase classname="StateManager Unlocking" name="StateManager Unlocking" time="0.001">
      <failure>CredentialsError: Missing credentials in config, if using AWS_CONFIG_FILE, set AWS_SDK_LOAD_CONFIG=1
    at SharedIniFileCredentials.load (/Users/wookieb/projects/pallad/migrator/packages/dynamodb-state/node_modules/aws-sdk/lib/credentials/shared_ini_file_credentials.js:103:11)
    at SharedIniFileCredentials.coalesceRefresh (/Users/wookieb/projects/pallad/migrator/packages/dynamodb-state/node_modules/aws-sdk/lib/credentials.js:205:12)
    at SharedIniFileCredentials.refresh (/Users/wookieb/projects/pallad/migrator/packages/dynamodb-state/node_modules/aws-sdk/lib/credentials/shared_ini_file_credentials.js:170:10)
    at SharedIniFileCredentials.get (/Users/wookieb/projects/pallad/migrator/packages/dynamodb-state/node_modules/aws-sdk/lib/credentials.js:122:12)
    at getAsyncCredentials (/Users/wookieb/projects/pallad/migrator/packages/dynamodb-state/node_modules/aws-sdk/lib/config.js:398:24)
    at Config.getCredentials (/Users/wookieb/projects/pallad/migrator/packages/dynamodb-state/node_modules/aws-sdk/lib/config.js:418:9)
    at Request.VALIDATE_CREDENTIALS (/Users/wookieb/projects/pallad/migrator/packages/dynamodb-state/node_modules/aws-sdk/lib/event_listeners.js:81:26)
    at Request.callListeners (/Users/wookieb/projects/pallad/migrator/packages/dynamodb-state/node_modules/aws-sdk/lib/sequential_executor.js:102:18)
    at Request.emit (/Users/wookieb/projects/pallad/migrator/packages/dynamodb-state/node_modules/aws-sdk/lib/sequential_executor.js:78:10)
    at Request.emit (/Users/wookieb/projects/pallad/migrator/packages/dynamodb-state/node_modules/aws-sdk/lib/request.js:688:14)</failure>
      <failure>CredentialsError: Missing credentials in config, if using AWS_CONFIG_FILE, set AWS_SDK_LOAD_CONFIG=1
    at SharedIniFileCredentials.load (/Users/wookieb/projects/pallad/migrator/packages/dynamodb-state/node_modules/aws-sdk/lib/credentials/shared_ini_file_credentials.js:103:11)
    at SharedIniFileCredentials.coalesceRefresh (/Users/wookieb/projects/pallad/migrator/packages/dynamodb-state/node_modules/aws-sdk/lib/credentials.js:205:12)
    at SharedIniFileCredentials.refresh (/Users/wookieb/projects/pallad/migrator/packages/dynamodb-state/node_modules/aws-sdk/lib/credentials/shared_ini_file_credentials.js:170:10)
    at SharedIniFileCredentials.get (/Users/wookieb/projects/pallad/migrator/packages/dynamodb-state/node_modules/aws-sdk/lib/credentials.js:122:12)
    at getAsyncCredentials (/Users/wookieb/projects/pallad/migrator/packages/dynamodb-state/node_modules/aws-sdk/lib/config.js:398:24)
    at Config.getCredentials (/Users/wookieb/projects/pallad/migrator/packages/dynamodb-state/node_modules/aws-sdk/lib/config.js:418:9)
    at Request.VALIDATE_CREDENTIALS (/Users/wookieb/projects/pallad/migrator/packages/dynamodb-state/node_modules/aws-sdk/lib/event_listeners.js:81:26)
    at Request.callListeners (/Users/wookieb/projects/pallad/migrator/packages/dynamodb-state/node_modules/aws-sdk/lib/sequential_executor.js:102:18)
    at Request.emit (/Users/wookieb/projects/pallad/migrator/packages/dynamodb-state/node_modules/aws-sdk/lib/sequential_executor.js:78:10)
    at Request.emit (/Users/wookieb/projects/pallad/migrator/packages/dynamodb-state/node_modules/aws-sdk/lib/request.js:688:14)</failure>
    </testcase>
    <testcase classname="StateManager Real life scenario" name="StateManager Real life scenario" time="0">
      <failure>CredentialsError: Missing credentials in config, if using AWS_CONFIG_FILE, set AWS_SDK_LOAD_CONFIG=1
    at SharedIniFileCredentials.load (/Users/wookieb/projects/pallad/migrator/packages/dynamodb-state/node_modules/aws-sdk/lib/credentials/shared_ini_file_credentials.js:103:11)
    at SharedIniFileCredentials.coalesceRefresh (/Users/wookieb/projects/pallad/migrator/packages/dynamodb-state/node_modules/aws-sdk/lib/credentials.js:205:12)
    at SharedIniFileCredentials.refresh (/Users/wookieb/projects/pallad/migrator/packages/dynamodb-state/node_modules/aws-sdk/lib/credentials/shared_ini_file_credentials.js:170:10)
    at SharedIniFileCredentials.get (/Users/wookieb/projects/pallad/migrator/packages/dynamodb-state/node_modules/aws-sdk/lib/credentials.js:122:12)
    at getAsyncCredentials (/Users/wookieb/projects/pallad/migrator/packages/dynamodb-state/node_modules/aws-sdk/lib/config.js:398:24)
    at Config.getCredentials (/Users/wookieb/projects/pallad/migrator/packages/dynamodb-state/node_modules/aws-sdk/lib/config.js:418:9)
    at Request.VALIDATE_CREDENTIALS (/Users/wookieb/projects/pallad/migrator/packages/dynamodb-state/node_modules/aws-sdk/lib/event_listeners.js:81:26)
    at Request.callListeners (/Users/wookieb/projects/pallad/migrator/packages/dynamodb-state/node_modules/aws-sdk/lib/sequential_executor.js:102:18)
    at Request.emit (/Users/wookieb/projects/pallad/migrator/packages/dynamodb-state/node_modules/aws-sdk/lib/sequential_executor.js:78:10)
    at Request.emit (/Users/wookieb/projects/pallad/migrator/packages/dynamodb-state/node_modules/aws-sdk/lib/request.js:688:14)</failure>
      <failure>CredentialsError: Missing credentials in config, if using AWS_CONFIG_FILE, set AWS_SDK_LOAD_CONFIG=1
    at SharedIniFileCredentials.load (/Users/wookieb/projects/pallad/migrator/packages/dynamodb-state/node_modules/aws-sdk/lib/credentials/shared_ini_file_credentials.js:103:11)
    at SharedIniFileCredentials.coalesceRefresh (/Users/wookieb/projects/pallad/migrator/packages/dynamodb-state/node_modules/aws-sdk/lib/credentials.js:205:12)
    at SharedIniFileCredentials.refresh (/Users/wookieb/projects/pallad/migrator/packages/dynamodb-state/node_modules/aws-sdk/lib/credentials/shared_ini_file_credentials.js:170:10)
    at SharedIniFileCredentials.get (/Users/wookieb/projects/pallad/migrator/packages/dynamodb-state/node_modules/aws-sdk/lib/credentials.js:122:12)
    at getAsyncCredentials (/Users/wookieb/projects/pallad/migrator/packages/dynamodb-state/node_modules/aws-sdk/lib/config.js:398:24)
    at Config.getCredentials (/Users/wookieb/projects/pallad/migrator/packages/dynamodb-state/node_modules/aws-sdk/lib/config.js:418:9)
    at Request.VALIDATE_CREDENTIALS (/Users/wookieb/projects/pallad/migrator/packages/dynamodb-state/node_modules/aws-sdk/lib/event_listeners.js:81:26)
    at Request.callListeners (/Users/wookieb/projects/pallad/migrator/packages/dynamodb-state/node_modules/aws-sdk/lib/sequential_executor.js:102:18)
    at Request.emit (/Users/wookieb/projects/pallad/migrator/packages/dynamodb-state/node_modules/aws-sdk/lib/sequential_executor.js:78:10)
    at Request.emit (/Users/wookieb/projects/pallad/migrator/packages/dynamodb-state/node_modules/aws-sdk/lib/request.js:688:14)</failure>
    </testcase>
    <testcase classname="StateManager setup creates table if does not exists and awaits for it to be ready" name="StateManager setup creates table if does not exists and awaits for it to be ready" time="0.001">
      <failure>CredentialsError: Missing credentials in config, if using AWS_CONFIG_FILE, set AWS_SDK_LOAD_CONFIG=1
    at SharedIniFileCredentials.load (/Users/wookieb/projects/pallad/migrator/packages/dynamodb-state/node_modules/aws-sdk/lib/credentials/shared_ini_file_credentials.js:103:11)
    at SharedIniFileCredentials.coalesceRefresh (/Users/wookieb/projects/pallad/migrator/packages/dynamodb-state/node_modules/aws-sdk/lib/credentials.js:205:12)
    at SharedIniFileCredentials.refresh (/Users/wookieb/projects/pallad/migrator/packages/dynamodb-state/node_modules/aws-sdk/lib/credentials/shared_ini_file_credentials.js:170:10)
    at SharedIniFileCredentials.get (/Users/wookieb/projects/pallad/migrator/packages/dynamodb-state/node_modules/aws-sdk/lib/credentials.js:122:12)
    at getAsyncCredentials (/Users/wookieb/projects/pallad/migrator/packages/dynamodb-state/node_modules/aws-sdk/lib/config.js:398:24)
    at Config.getCredentials (/Users/wookieb/projects/pallad/migrator/packages/dynamodb-state/node_modules/aws-sdk/lib/config.js:418:9)
    at Request.VALIDATE_CREDENTIALS (/Users/wookieb/projects/pallad/migrator/packages/dynamodb-state/node_modules/aws-sdk/lib/event_listeners.js:81:26)
    at Request.callListeners (/Users/wookieb/projects/pallad/migrator/packages/dynamodb-state/node_modules/aws-sdk/lib/sequential_executor.js:102:18)
    at Request.emit (/Users/wookieb/projects/pallad/migrator/packages/dynamodb-state/node_modules/aws-sdk/lib/sequential_executor.js:78:10)
    at Request.emit (/Users/wookieb/projects/pallad/migrator/packages/dynamodb-state/node_modules/aws-sdk/lib/request.js:688:14)</failure>
      <failure>CredentialsError: Missing credentials in config, if using AWS_CONFIG_FILE, set AWS_SDK_LOAD_CONFIG=1
    at SharedIniFileCredentials.load (/Users/wookieb/projects/pallad/migrator/packages/dynamodb-state/node_modules/aws-sdk/lib/credentials/shared_ini_file_credentials.js:103:11)
    at SharedIniFileCredentials.coalesceRefresh (/Users/wookieb/projects/pallad/migrator/packages/dynamodb-state/node_modules/aws-sdk/lib/credentials.js:205:12)
    at SharedIniFileCredentials.refresh (/Users/wookieb/projects/pallad/migrator/packages/dynamodb-state/node_modules/aws-sdk/lib/credentials/shared_ini_file_credentials.js:170:10)
    at SharedIniFileCredentials.get (/Users/wookieb/projects/pallad/migrator/packages/dynamodb-state/node_modules/aws-sdk/lib/credentials.js:122:12)
    at getAsyncCredentials (/Users/wookieb/projects/pallad/migrator/packages/dynamodb-state/node_modules/aws-sdk/lib/config.js:398:24)
    at Config.getCredentials (/Users/wookieb/projects/pallad/migrator/packages/dynamodb-state/node_modules/aws-sdk/lib/config.js:418:9)
    at Request.VALIDATE_CREDENTIALS (/Users/wookieb/projects/pallad/migrator/packages/dynamodb-state/node_modules/aws-sdk/lib/event_listeners.js:81:26)
    at Request.callListeners (/Users/wookieb/projects/pallad/migrator/packages/dynamodb-state/node_modules/aws-sdk/lib/sequential_executor.js:102:18)
    at Request.emit (/Users/wookieb/projects/pallad/migrator/packages/dynamodb-state/node_modules/aws-sdk/lib/sequential_executor.js:78:10)
    at Request.emit (/Users/wookieb/projects/pallad/migrator/packages/dynamodb-state/node_modules/aws-sdk/lib/request.js:688:14)</failure>
      <failure>CredentialsError: Missing credentials in config, if using AWS_CONFIG_FILE, set AWS_SDK_LOAD_CONFIG=1
    at SharedIniFileCredentials.load (/Users/wookieb/projects/pallad/migrator/packages/dynamodb-state/node_modules/aws-sdk/lib/credentials/shared_ini_file_credentials.js:103:11)
    at SharedIniFileCredentials.coalesceRefresh (/Users/wookieb/projects/pallad/migrator/packages/dynamodb-state/node_modules/aws-sdk/lib/credentials.js:205:12)
    at SharedIniFileCredentials.refresh (/Users/wookieb/projects/pallad/migrator/packages/dynamodb-state/node_modules/aws-sdk/lib/credentials/shared_ini_file_credentials.js:170:10)
    at SharedIniFileCredentials.get (/Users/wookieb/projects/pallad/migrator/packages/dynamodb-state/node_modules/aws-sdk/lib/credentials.js:122:12)
    at getAsyncCredentials (/Users/wookieb/projects/pallad/migrator/packages/dynamodb-state/node_modules/aws-sdk/lib/config.js:398:24)
    at Config.getCredentials (/Users/wookieb/projects/pallad/migrator/packages/dynamodb-state/node_modules/aws-sdk/lib/config.js:418:9)
    at Request.VALIDATE_CREDENTIALS (/Users/wookieb/projects/pallad/migrator/packages/dynamodb-state/node_modules/aws-sdk/lib/event_listeners.js:81:26)
    at Request.callListeners (/Users/wookieb/projects/pallad/migrator/packages/dynamodb-state/node_modules/aws-sdk/lib/sequential_executor.js:102:18)
    at Request.emit (/Users/wookieb/projects/pallad/migrator/packages/dynamodb-state/node_modules/aws-sdk/lib/sequential_executor.js:78:10)
    at Request.emit (/Users/wookieb/projects/pallad/migrator/packages/dynamodb-state/node_modules/aws-sdk/lib/request.js:688:14)</failure>
    </testcase>
    <testcase classname="StateManager managing records simple" name="StateManager managing records simple" time="0.001">
      <failure>CredentialsError: Missing credentials in config, if using AWS_CONFIG_FILE, set AWS_SDK_LOAD_CONFIG=1
    at SharedIniFileCredentials.load (/Users/wookieb/projects/pallad/migrator/packages/dynamodb-state/node_modules/aws-sdk/lib/credentials/shared_ini_file_credentials.js:103:11)
    at SharedIniFileCredentials.coalesceRefresh (/Users/wookieb/projects/pallad/migrator/packages/dynamodb-state/node_modules/aws-sdk/lib/credentials.js:205:12)
    at SharedIniFileCredentials.refresh (/Users/wookieb/projects/pallad/migrator/packages/dynamodb-state/node_modules/aws-sdk/lib/credentials/shared_ini_file_credentials.js:170:10)
    at SharedIniFileCredentials.get (/Users/wookieb/projects/pallad/migrator/packages/dynamodb-state/node_modules/aws-sdk/lib/credentials.js:122:12)
    at getAsyncCredentials (/Users/wookieb/projects/pallad/migrator/packages/dynamodb-state/node_modules/aws-sdk/lib/config.js:398:24)
    at Config.getCredentials (/Users/wookieb/projects/pallad/migrator/packages/dynamodb-state/node_modules/aws-sdk/lib/config.js:418:9)
    at Request.VALIDATE_CREDENTIALS (/Users/wookieb/projects/pallad/migrator/packages/dynamodb-state/node_modules/aws-sdk/lib/event_listeners.js:81:26)
    at Request.callListeners (/Users/wookieb/projects/pallad/migrator/packages/dynamodb-state/node_modules/aws-sdk/lib/sequential_executor.js:102:18)
    at Request.emit (/Users/wookieb/projects/pallad/migrator/packages/dynamodb-state/node_modules/aws-sdk/lib/sequential_executor.js:78:10)
    at Request.emit (/Users/wookieb/projects/pallad/migrator/packages/dynamodb-state/node_modules/aws-sdk/lib/request.js:688:14)</failure>
      <failure>CredentialsError: Missing credentials in config, if using AWS_CONFIG_FILE, set AWS_SDK_LOAD_CONFIG=1
    at SharedIniFileCredentials.load (/Users/wookieb/projects/pallad/migrator/packages/dynamodb-state/node_modules/aws-sdk/lib/credentials/shared_ini_file_credentials.js:103:11)
    at SharedIniFileCredentials.coalesceRefresh (/Users/wookieb/projects/pallad/migrator/packages/dynamodb-state/node_modules/aws-sdk/lib/credentials.js:205:12)
    at SharedIniFileCredentials.refresh (/Users/wookieb/projects/pallad/migrator/packages/dynamodb-state/node_modules/aws-sdk/lib/credentials/shared_ini_file_credentials.js:170:10)
    at SharedIniFileCredentials.get (/Users/wookieb/projects/pallad/migrator/packages/dynamodb-state/node_modules/aws-sdk/lib/credentials.js:122:12)
    at getAsyncCredentials (/Users/wookieb/projects/pallad/migrator/packages/dynamodb-state/node_modules/aws-sdk/lib/config.js:398:24)
    at Config.getCredentials (/Users/wookieb/projects/pallad/migrator/packages/dynamodb-state/node_modules/aws-sdk/lib/config.js:418:9)
    at Request.VALIDATE_CREDENTIALS (/Users/wookieb/projects/pallad/migrator/packages/dynamodb-state/node_modules/aws-sdk/lib/event_listeners.js:81:26)
    at Request.callListeners (/Users/wookieb/projects/pallad/migrator/packages/dynamodb-state/node_modules/aws-sdk/lib/sequential_executor.js:102:18)
    at Request.emit (/Users/wookieb/projects/pallad/migrator/packages/dynamodb-state/node_modules/aws-sdk/lib/sequential_executor.js:78:10)
    at Request.emit (/Users/wookieb/projects/pallad/migrator/packages/dynamodb-state/node_modules/aws-sdk/lib/request.js:688:14)</failure>
    </testcase>
    <testcase classname="StateManager managing records throws an error when attempt to create the same record" name="StateManager managing records throws an error when attempt to create the same record" time="0">
      <failure>CredentialsError: Missing credentials in config, if using AWS_CONFIG_FILE, set AWS_SDK_LOAD_CONFIG=1
    at SharedIniFileCredentials.load (/Users/wookieb/projects/pallad/migrator/packages/dynamodb-state/node_modules/aws-sdk/lib/credentials/shared_ini_file_credentials.js:103:11)
    at SharedIniFileCredentials.coalesceRefresh (/Users/wookieb/projects/pallad/migrator/packages/dynamodb-state/node_modules/aws-sdk/lib/credentials.js:205:12)
    at SharedIniFileCredentials.refresh (/Users/wookieb/projects/pallad/migrator/packages/dynamodb-state/node_modules/aws-sdk/lib/credentials/shared_ini_file_credentials.js:170:10)
    at SharedIniFileCredentials.get (/Users/wookieb/projects/pallad/migrator/packages/dynamodb-state/node_modules/aws-sdk/lib/credentials.js:122:12)
    at getAsyncCredentials (/Users/wookieb/projects/pallad/migrator/packages/dynamodb-state/node_modules/aws-sdk/lib/config.js:398:24)
    at Config.getCredentials (/Users/wookieb/projects/pallad/migrator/packages/dynamodb-state/node_modules/aws-sdk/lib/config.js:418:9)
    at Request.VALIDATE_CREDENTIALS (/Users/wookieb/projects/pallad/migrator/packages/dynamodb-state/node_modules/aws-sdk/lib/event_listeners.js:81:26)
    at Request.callListeners (/Users/wookieb/projects/pallad/migrator/packages/dynamodb-state/node_modules/aws-sdk/lib/sequential_executor.js:102:18)
    at Request.emit (/Users/wookieb/projects/pallad/migrator/packages/dynamodb-state/node_modules/aws-sdk/lib/sequential_executor.js:78:10)
    at Request.emit (/Users/wookieb/projects/pallad/migrator/packages/dynamodb-state/node_modules/aws-sdk/lib/request.js:688:14)</failure>
      <failure>CredentialsError: Missing credentials in config, if using AWS_CONFIG_FILE, set AWS_SDK_LOAD_CONFIG=1
    at SharedIniFileCredentials.load (/Users/wookieb/projects/pallad/migrator/packages/dynamodb-state/node_modules/aws-sdk/lib/credentials/shared_ini_file_credentials.js:103:11)
    at SharedIniFileCredentials.coalesceRefresh (/Users/wookieb/projects/pallad/migrator/packages/dynamodb-state/node_modules/aws-sdk/lib/credentials.js:205:12)
    at SharedIniFileCredentials.refresh (/Users/wookieb/projects/pallad/migrator/packages/dynamodb-state/node_modules/aws-sdk/lib/credentials/shared_ini_file_credentials.js:170:10)
    at SharedIniFileCredentials.get (/Users/wookieb/projects/pallad/migrator/packages/dynamodb-state/node_modules/aws-sdk/lib/credentials.js:122:12)
    at getAsyncCredentials (/Users/wookieb/projects/pallad/migrator/packages/dynamodb-state/node_modules/aws-sdk/lib/config.js:398:24)
    at Config.getCredentials (/Users/wookieb/projects/pallad/migrator/packages/dynamodb-state/node_modules/aws-sdk/lib/config.js:418:9)
    at Request.VALIDATE_CREDENTIALS (/Users/wookieb/projects/pallad/migrator/packages/dynamodb-state/node_modules/aws-sdk/lib/event_listeners.js:81:26)
    at Request.callListeners (/Users/wookieb/projects/pallad/migrator/packages/dynamodb-state/node_modules/aws-sdk/lib/sequential_executor.js:102:18)
    at Request.emit (/Users/wookieb/projects/pallad/migrator/packages/dynamodb-state/node_modules/aws-sdk/lib/sequential_executor.js:78:10)
    at Request.emit (/Users/wookieb/projects/pallad/migrator/packages/dynamodb-state/node_modules/aws-sdk/lib/request.js:688:14)</failure>
    </testcase>
  </testsuite>
</testsuites>